<?xml version="1.0" encoding="UTF-8"?>
<coverage generated="1697478477882" clover="3.2.0">
  <project timestamp="1697478477882" name="All files">
    <metrics statements="29" coveredstatements="26" conditionals="14" coveredconditionals="11" methods="7" coveredmethods="7" elements="50" coveredelements="44" complexity="0" loc="29" ncloc="29" packages="1" files="7" classes="7"/>
    <file name="Bowman.js" path="C:\Users\Евгения\Desktop\ДЗ Стандарты и раб. окружение\ajs-homeworks-oop-classes\src\Bowman.js">
      <metrics statements="3" coveredstatements="3" conditionals="1" coveredconditionals="1" methods="1" coveredmethods="1"/>
      <line num="5" count="1" type="stmt"/>
      <line num="6" count="1" type="stmt"/>
      <line num="7" count="1" type="stmt"/>
    </file>
    <file name="Daemon.js" path="C:\Users\Евгения\Desktop\ДЗ Стандарты и раб. окружение\ajs-homeworks-oop-classes\src\Daemon.js">
      <metrics statements="3" coveredstatements="3" conditionals="1" coveredconditionals="1" methods="1" coveredmethods="1"/>
      <line num="5" count="1" type="stmt"/>
      <line num="6" count="1" type="stmt"/>
      <line num="7" count="1" type="stmt"/>
    </file>
    <file name="Magician.js" path="C:\Users\Евгения\Desktop\ДЗ Стандарты и раб. окружение\ajs-homeworks-oop-classes\src\Magician.js">
      <metrics statements="3" coveredstatements="3" conditionals="1" coveredconditionals="1" methods="1" coveredmethods="1"/>
      <line num="5" count="1" type="stmt"/>
      <line num="6" count="1" type="stmt"/>
      <line num="7" count="1" type="stmt"/>
    </file>
    <file name="Swordsman.js" path="C:\Users\Евгения\Desktop\ДЗ Стандарты и раб. окружение\ajs-homeworks-oop-classes\src\Swordsman.js">
      <metrics statements="3" coveredstatements="3" conditionals="1" coveredconditionals="1" methods="1" coveredmethods="1"/>
      <line num="5" count="1" type="stmt"/>
      <line num="6" count="1" type="stmt"/>
      <line num="7" count="1" type="stmt"/>
    </file>
    <file name="Undead.js" path="C:\Users\Евгения\Desktop\ДЗ Стандарты и раб. окружение\ajs-homeworks-oop-classes\src\Undead.js">
      <metrics statements="3" coveredstatements="3" conditionals="1" coveredconditionals="1" methods="1" coveredmethods="1"/>
      <line num="5" count="1" type="stmt"/>
      <line num="6" count="1" type="stmt"/>
      <line num="7" count="1" type="stmt"/>
    </file>
    <file name="Zombie.js" path="C:\Users\Евгения\Desktop\ДЗ Стандарты и раб. окружение\ajs-homeworks-oop-classes\src\Zombie.js">
      <metrics statements="3" coveredstatements="3" conditionals="1" coveredconditionals="1" methods="1" coveredmethods="1"/>
      <line num="5" count="1" type="stmt"/>
      <line num="6" count="1" type="stmt"/>
      <line num="7" count="1" type="stmt"/>
    </file>
    <file name="character.js" path="C:\Users\Евгения\Desktop\ДЗ Стандарты и раб. окружение\ajs-homeworks-oop-classes\src\character.js">
      <metrics statements="11" coveredstatements="8" conditionals="8" coveredconditionals="5" methods="1" coveredmethods="1"/>
      <line num="3" count="6" type="stmt"/>
      <line num="12" count="6" type="cond" truecount="3" falsecount="1"/>
      <line num="13" count="0" type="stmt"/>
      <line num="17" count="6" type="cond" truecount="1" falsecount="1"/>
      <line num="18" count="0" type="stmt"/>
      <line num="20" count="6" type="cond" truecount="1" falsecount="1"/>
      <line num="21" count="0" type="stmt"/>
      <line num="25" count="6" type="stmt"/>
      <line num="26" count="6" type="stmt"/>
      <line num="27" count="6" type="stmt"/>
      <line num="28" count="6" type="stmt"/>
    </file>
  </project>
</coverage>
