<?xml version="1.0" encoding="UTF-8"?>
<coverage generated="1697305779344" clover="3.2.0">
  <project timestamp="1697305779344" name="All files">
    <metrics statements="29" coveredstatements="29" conditionals="14" coveredconditionals="14" methods="7" coveredmethods="7" elements="50" coveredelements="50" complexity="0" loc="29" ncloc="29" packages="1" files="7" classes="7"/>
    <file name="Bowman.js" path="C:\Users\Евгения\Desktop\ДЗ Стандарты и раб. окружение\ajs-homeworks-oop-classes\src\Bowman.js">
      <metrics statements="3" coveredstatements="3" conditionals="1" coveredconditionals="1" methods="1" coveredmethods="1"/>
      <line num="5" count="1" type="stmt"/>
      <line num="6" count="1" type="stmt"/>
      <line num="7" count="1" type="stmt"/>
    </file>
    <file name="Daemon.js" path="C:\Users\Евгения\Desktop\ДЗ Стандарты и раб. окружение\ajs-homeworks-oop-classes\src\Daemon.js">
      <metrics statements="3" coveredstatements="3" conditionals="1" coveredconditionals="1" methods="1" coveredmethods="1"/>
      <line num="5" count="1" type="stmt"/>
      <line num="6" count="1" type="stmt"/>
      <line num="7" count="1" type="stmt"/>
    </file>
    <file name="Magician.js" path="C:\Users\Евгения\Desktop\ДЗ Стандарты и раб. окружение\ajs-homeworks-oop-classes\src\Magician.js">
      <metrics statements="3" coveredstatements="3" conditionals="1" coveredconditionals="1" methods="1" coveredmethods="1"/>
      <line num="5" count="1" type="stmt"/>
      <line num="6" count="1" type="stmt"/>
      <line num="7" count="1" type="stmt"/>
    </file>
    <file name="Swordsman.js" path="C:\Users\Евгения\Desktop\ДЗ Стандарты и раб. окружение\ajs-homeworks-oop-classes\src\Swordsman.js">
      <metrics statements="3" coveredstatements="3" conditionals="1" coveredconditionals="1" methods="1" coveredmethods="1"/>
      <line num="5" count="1" type="stmt"/>
      <line num="6" count="1" type="stmt"/>
      <line num="7" count="1" type="stmt"/>
    </file>
    <file name="Undead.js" path="C:\Users\Евгения\Desktop\ДЗ Стандарты и раб. окружение\ajs-homeworks-oop-classes\src\Undead.js">
      <metrics statements="3" coveredstatements="3" conditionals="1" coveredconditionals="1" methods="1" coveredmethods="1"/>
      <line num="5" count="1" type="stmt"/>
      <line num="6" count="1" type="stmt"/>
      <line num="7" count="1" type="stmt"/>
    </file>
    <file name="Zombie.js" path="C:\Users\Евгения\Desktop\ДЗ Стандарты и раб. окружение\ajs-homeworks-oop-classes\src\Zombie.js">
      <metrics statements="3" coveredstatements="3" conditionals="1" coveredconditionals="1" methods="1" coveredmethods="1"/>
      <line num="5" count="1" type="stmt"/>
      <line num="6" count="1" type="stmt"/>
      <line num="7" count="1" type="stmt"/>
    </file>
    <file name="character.js" path="C:\Users\Евгения\Desktop\ДЗ Стандарты и раб. окружение\ajs-homeworks-oop-classes\src\character.js">
      <metrics statements="11" coveredstatements="11" conditionals="8" coveredconditionals="8" methods="1" coveredmethods="1"/>
      <line num="3" count="9" type="stmt"/>
      <line num="4" count="9" type="stmt"/>
      <line num="5" count="9" type="stmt"/>
      <line num="6" count="9" type="stmt"/>
      <line num="7" count="9" type="stmt"/>
      <line num="16" count="9" type="cond" truecount="4" falsecount="0"/>
      <line num="17" count="1" type="stmt"/>
      <line num="21" count="8" type="cond" truecount="2" falsecount="0"/>
      <line num="22" count="1" type="stmt"/>
      <line num="24" count="7" type="cond" truecount="2" falsecount="0"/>
      <line num="25" count="1" type="stmt"/>
    </file>
  </project>
</coverage>
