{"C:\\Users\\Евгения\\Desktop\\ДЗ Стандарты и раб. окружение\\ajs-homeworks-oop-classes\\src\\Bowman.js": {"path":"C:\\Users\\Евгения\\Desktop\\ДЗ Стандарты и раб. окружение\\ajs-homeworks-oop-classes\\src\\Bowman.js","statementMap":{"0":{"start":{"line":5,"column":4},"end":{"line":5,"column":22}},"1":{"start":{"line":6,"column":4},"end":{"line":6,"column":21}},"2":{"start":{"line":7,"column":4},"end":{"line":7,"column":22}}},"fnMap":{"0":{"name":"(anonymous_0)","decl":{"start":{"line":4,"column":2},"end":{"line":4,"column":3}},"loc":{"start":{"line":4,"column":37},"end":{"line":8,"column":3}},"line":4}},"branchMap":{"0":{"loc":{"start":{"line":4,"column":20},"end":{"line":4,"column":35}},"type":"default-arg","locations":[{"start":{"line":4,"column":27},"end":{"line":4,"column":35}}],"line":4}},"s":{"0":1,"1":1,"2":1},"f":{"0":1},"b":{"0":[1]},"_coverageSchema":"1a1c01bbd47fc00a2c39e90264f33305004495a9","hash":"5c929aab42608ccf8aaaf57cfc3847c349237b82"}
,"C:\\Users\\Евгения\\Desktop\\ДЗ Стандарты и раб. окружение\\ajs-homeworks-oop-classes\\src\\Daemon.js": {"path":"C:\\Users\\Евгения\\Desktop\\ДЗ Стандарты и раб. окружение\\ajs-homeworks-oop-classes\\src\\Daemon.js","statementMap":{"0":{"start":{"line":5,"column":4},"end":{"line":5,"column":22}},"1":{"start":{"line":6,"column":4},"end":{"line":6,"column":21}},"2":{"start":{"line":7,"column":4},"end":{"line":7,"column":22}}},"fnMap":{"0":{"name":"(anonymous_0)","decl":{"start":{"line":4,"column":2},"end":{"line":4,"column":3}},"loc":{"start":{"line":4,"column":37},"end":{"line":8,"column":3}},"line":4}},"branchMap":{"0":{"loc":{"start":{"line":4,"column":20},"end":{"line":4,"column":35}},"type":"default-arg","locations":[{"start":{"line":4,"column":27},"end":{"line":4,"column":35}}],"line":4}},"s":{"0":1,"1":1,"2":1},"f":{"0":1},"b":{"0":[1]},"_coverageSchema":"1a1c01bbd47fc00a2c39e90264f33305004495a9","hash":"376953408d930d66fec32bae630da6944d397c95"}
,"C:\\Users\\Евгения\\Desktop\\ДЗ Стандарты и раб. окружение\\ajs-homeworks-oop-classes\\src\\Magician.js": {"path":"C:\\Users\\Евгения\\Desktop\\ДЗ Стандарты и раб. окружение\\ajs-homeworks-oop-classes\\src\\Magician.js","statementMap":{"0":{"start":{"line":5,"column":4},"end":{"line":5,"column":22}},"1":{"start":{"line":6,"column":4},"end":{"line":6,"column":21}},"2":{"start":{"line":7,"column":4},"end":{"line":7,"column":22}}},"fnMap":{"0":{"name":"(anonymous_0)","decl":{"start":{"line":4,"column":2},"end":{"line":4,"column":3}},"loc":{"start":{"line":4,"column":39},"end":{"line":8,"column":3}},"line":4}},"branchMap":{"0":{"loc":{"start":{"line":4,"column":20},"end":{"line":4,"column":37}},"type":"default-arg","locations":[{"start":{"line":4,"column":27},"end":{"line":4,"column":37}}],"line":4}},"s":{"0":1,"1":1,"2":1},"f":{"0":1},"b":{"0":[1]},"_coverageSchema":"1a1c01bbd47fc00a2c39e90264f33305004495a9","hash":"7e0ca0cdbd2b90735c1d80eba584b6f231c312fa"}
,"C:\\Users\\Евгения\\Desktop\\ДЗ Стандарты и раб. окружение\\ajs-homeworks-oop-classes\\src\\Swordsman.js": {"path":"C:\\Users\\Евгения\\Desktop\\ДЗ Стандарты и раб. окружение\\ajs-homeworks-oop-classes\\src\\Swordsman.js","statementMap":{"0":{"start":{"line":5,"column":4},"end":{"line":5,"column":22}},"1":{"start":{"line":6,"column":4},"end":{"line":6,"column":21}},"2":{"start":{"line":7,"column":4},"end":{"line":7,"column":22}}},"fnMap":{"0":{"name":"(anonymous_0)","decl":{"start":{"line":4,"column":2},"end":{"line":4,"column":3}},"loc":{"start":{"line":4,"column":40},"end":{"line":8,"column":3}},"line":4}},"branchMap":{"0":{"loc":{"start":{"line":4,"column":20},"end":{"line":4,"column":38}},"type":"default-arg","locations":[{"start":{"line":4,"column":27},"end":{"line":4,"column":38}}],"line":4}},"s":{"0":1,"1":1,"2":1},"f":{"0":1},"b":{"0":[1]},"_coverageSchema":"1a1c01bbd47fc00a2c39e90264f33305004495a9","hash":"a99dfa6e78c5526c274cd22832812e6f415dd77d"}
,"C:\\Users\\Евгения\\Desktop\\ДЗ Стандарты и раб. окружение\\ajs-homeworks-oop-classes\\src\\Undead.js": {"path":"C:\\Users\\Евгения\\Desktop\\ДЗ Стандарты и раб. окружение\\ajs-homeworks-oop-classes\\src\\Undead.js","statementMap":{"0":{"start":{"line":5,"column":4},"end":{"line":5,"column":22}},"1":{"start":{"line":6,"column":4},"end":{"line":6,"column":21}},"2":{"start":{"line":7,"column":4},"end":{"line":7,"column":22}}},"fnMap":{"0":{"name":"(anonymous_0)","decl":{"start":{"line":4,"column":2},"end":{"line":4,"column":3}},"loc":{"start":{"line":4,"column":37},"end":{"line":8,"column":3}},"line":4}},"branchMap":{"0":{"loc":{"start":{"line":4,"column":20},"end":{"line":4,"column":35}},"type":"default-arg","locations":[{"start":{"line":4,"column":27},"end":{"line":4,"column":35}}],"line":4}},"s":{"0":1,"1":1,"2":1},"f":{"0":1},"b":{"0":[1]},"_coverageSchema":"1a1c01bbd47fc00a2c39e90264f33305004495a9","hash":"358fdbb5eaf73f62518a957d1aaed9aa823186a3"}
,"C:\\Users\\Евгения\\Desktop\\ДЗ Стандарты и раб. окружение\\ajs-homeworks-oop-classes\\src\\Zombie.js": {"path":"C:\\Users\\Евгения\\Desktop\\ДЗ Стандарты и раб. окружение\\ajs-homeworks-oop-classes\\src\\Zombie.js","statementMap":{"0":{"start":{"line":5,"column":4},"end":{"line":5,"column":22}},"1":{"start":{"line":6,"column":4},"end":{"line":6,"column":21}},"2":{"start":{"line":7,"column":4},"end":{"line":7,"column":22}}},"fnMap":{"0":{"name":"(anonymous_0)","decl":{"start":{"line":4,"column":2},"end":{"line":4,"column":3}},"loc":{"start":{"line":4,"column":37},"end":{"line":8,"column":3}},"line":4}},"branchMap":{"0":{"loc":{"start":{"line":4,"column":20},"end":{"line":4,"column":35}},"type":"default-arg","locations":[{"start":{"line":4,"column":27},"end":{"line":4,"column":35}}],"line":4}},"s":{"0":1,"1":1,"2":1},"f":{"0":1},"b":{"0":[1]},"_coverageSchema":"1a1c01bbd47fc00a2c39e90264f33305004495a9","hash":"cc9be84234cbff4fcdb48ef34cbfd513d8cdfb79"}
,"C:\\Users\\Евгения\\Desktop\\ДЗ Стандарты и раб. окружение\\ajs-homeworks-oop-classes\\src\\character.js": {"path":"C:\\Users\\Евгения\\Desktop\\ДЗ Стандарты и раб. окружение\\ajs-homeworks-oop-classes\\src\\character.js","statementMap":{"0":{"start":{"line":3,"column":22},"end":{"line":10,"column":5}},"1":{"start":{"line":12,"column":4},"end":{"line":16,"column":5}},"2":{"start":{"line":13,"column":6},"end":{"line":15,"column":8}},"3":{"start":{"line":17,"column":4},"end":{"line":19,"column":5}},"4":{"start":{"line":18,"column":6},"end":{"line":18,"column":56}},"5":{"start":{"line":20,"column":4},"end":{"line":24,"column":5}},"6":{"start":{"line":21,"column":6},"end":{"line":23,"column":8}},"7":{"start":{"line":25,"column":4},"end":{"line":25,"column":21}},"8":{"start":{"line":26,"column":4},"end":{"line":26,"column":21}},"9":{"start":{"line":27,"column":4},"end":{"line":27,"column":22}},"10":{"start":{"line":28,"column":4},"end":{"line":28,"column":19}}},"fnMap":{"0":{"name":"(anonymous_0)","decl":{"start":{"line":2,"column":2},"end":{"line":2,"column":3}},"loc":{"start":{"line":2,"column":26},"end":{"line":29,"column":3}},"line":2}},"branchMap":{"0":{"loc":{"start":{"line":12,"column":4},"end":{"line":16,"column":5}},"type":"if","locations":[{"start":{"line":12,"column":4},"end":{"line":16,"column":5}},{"start":{},"end":{}}],"line":12},"1":{"loc":{"start":{"line":12,"column":8},"end":{"line":12,"column":49}},"type":"binary-expr","locations":[{"start":{"line":12,"column":9},"end":{"line":12,"column":25}},{"start":{"line":12,"column":31},"end":{"line":12,"column":48}}],"line":12},"2":{"loc":{"start":{"line":17,"column":4},"end":{"line":19,"column":5}},"type":"if","locations":[{"start":{"line":17,"column":4},"end":{"line":19,"column":5}},{"start":{},"end":{}}],"line":17},"3":{"loc":{"start":{"line":20,"column":4},"end":{"line":24,"column":5}},"type":"if","locations":[{"start":{"line":20,"column":4},"end":{"line":24,"column":5}},{"start":{},"end":{}}],"line":20}},"s":{"0":6,"1":6,"2":0,"3":6,"4":0,"5":6,"6":0,"7":6,"8":6,"9":6,"10":6},"f":{"0":6},"b":{"0":[0,6],"1":[6,6],"2":[0,6],"3":[0,6]},"_coverageSchema":"1a1c01bbd47fc00a2c39e90264f33305004495a9","hash":"c4a0d2acae198a37bf71f95c145a918f6d9dca9a"}
}
